<?xml version="1.0" encoding="UTF-8"?>
<!-- Generated by org.testng.reporters.JUnitXMLReporter -->
<testsuite ignored="0" hostname="LAPTOP-LEC46EMO" failures="1" tests="1" name="Test" time="1.916" errors="0" timestamp="2025-03-25T21:24:14 IST">
  <testcase classname="com.practice.DataProviderExcel" name="searchTest" time="1.823">
    <failure type="org.testng.internal.reflect.MethodMatcherException" message="
[public void com.practice.DataProviderExcel.searchTest(java.lang.String)] has no parameters defined but was found to be using a data provider (either explicitly specified or inherited from class level annotation).
Data provider mismatch
Method: searchTest([java.lang.String arg0])
Arguments: [(java.lang.String) Course1,(java.lang.String) HR]">
      <![CDATA[org.testng.internal.reflect.MethodMatcherException: 
[public void com.practice.DataProviderExcel.searchTest(java.lang.String)] has no parameters defined but was found to be using a data provider (either explicitly specified or inherited from class level annotation).
Data provider mismatch
Method: searchTest([java.lang.String arg0])
Arguments: [(java.lang.String) Course1,(java.lang.String) HR]
at java.base/java.util.ArrayList.forEach(ArrayList.java:1596)
... Removed 22 stack frames]]>
    </failure>
  </testcase> <!-- searchTest -->
</testsuite> <!-- Test -->
